{"/home/vinicius/Code/hofs-exercicios/forEach/forEach.js": {"path":"/home/vinicius/Code/hofs-exercicios/forEach/forEach.js","statementMap":{"0":{"start":{"line":15,"column":21},"end":{"line":15,"column":45}},"1":{"start":{"line":16,"column":23},"end":{"line":16,"column":46}},"2":{"start":{"line":18,"column":23},"end":{"line":27,"column":1}},"3":{"start":{"line":19,"column":29},"end":{"line":19,"column":31}},"4":{"start":{"line":21,"column":2},"end":{"line":23,"column":4}},"5":{"start":{"line":22,"column":4},"end":{"line":22,"column":39}},"6":{"start":{"line":25,"column":2},"end":{"line":25,"column":27}},"7":{"start":{"line":29,"column":0},"end":{"line":29,"column":51}},"8":{"start":{"line":31,"column":0},"end":{"line":31,"column":32}}},"fnMap":{"0":{"name":"(anonymous_0)","decl":{"start":{"line":18,"column":23},"end":{"line":18,"column":24}},"loc":{"start":{"line":18,"column":43},"end":{"line":27,"column":1}},"line":18},"1":{"name":"(anonymous_1)","decl":{"start":{"line":21,"column":25},"end":{"line":21,"column":26}},"loc":{"start":{"line":21,"column":35},"end":{"line":23,"column":3}},"line":21}},"branchMap":{},"s":{"0":1,"1":1,"2":1,"3":3,"4":3,"5":21,"6":3,"7":1,"8":1},"f":{"0":3,"1":21},"b":{},"_coverageSchema":"1a1c01bbd47fc00a2c39e90264f33305004495a9","hash":"47e5076595bb53aaf2b802627ea6dc1f90327174"}
}
